\BOOKMARK [1][-]{section.1}{\376\377\000L\000o\000e\000s\000u\000n\000g\000s\000i\000d\000e\000e}{}% 1
\BOOKMARK [2][-]{subsection.1.1}{\376\377\000G\000e\000o\000m\000e\000t\000r\000i\000s\000c\000h\000e\000s\000\040\000O\000p\000t\000i\000m\000i\000e\000r\000u\000n\000g\000s\000p\000r\000o\000b\000l\000e\000m}{section.1}% 2
\BOOKMARK [2][-]{subsection.1.2}{\376\377\000p\000l\000a\000t\000z\000i\000e\000r\000e\000n\000\040\000d\000e\000r\000\040\000D\000o\000e\000r\000f\000e\000r}{section.1}% 3
\BOOKMARK [3][-]{subsubsection.1.2.1}{\376\377\000R\000a\000y\000c\000a\000s\000t\000a\000l\000g\000o\000r\000i\000t\000h\000m\000u\000s}{subsection.1.2}% 4
\BOOKMARK [2][-]{subsection.1.3}{\376\377\000B\000r\000u\000t\000e\000f\000o\000r\000c\000e}{section.1}% 5
\BOOKMARK [2][-]{subsection.1.4}{\376\377\000I\000n\000n\000e\000n\000k\000r\000e\000i\000s}{section.1}% 6
\BOOKMARK [2][-]{subsection.1.5}{\376\377\000R\000a\000s\000t\000e\000r\000\040\000a\000l\000g\000o\000r\000i\000t\000h\000m\000u\000s}{section.1}% 7
\BOOKMARK [2][-]{subsection.1.6}{\376\377\000E\000n\000d\000\040\000A\000l\000g\000o\000r\000i\000t\000h\000m\000u\000s\000\040\000i\000d\000e\000e}{section.1}% 8
\BOOKMARK [2][-]{subsection.1.7}{\376\377\000Q\000u\000e\000l\000l\000e\000n\000:}{section.1}% 9
\BOOKMARK [1][-]{section.2}{\376\377\000U\000m\000s\000e\000t\000z\000u\000n\000g}{}% 10
\BOOKMARK [2][-]{subsection.2.1}{\376\377\000A\000l\000g\000e\000i\000m\000e\000i\000n\000e\000\040\000H\000i\000n\000w\000e\000i\000s\000e\000\040\000z\000u\000r\000\040\000B\000e\000n\000u\000t\000z\000u\000n\000g}{section.2}% 11
\BOOKMARK [2][-]{subsection.2.2}{\376\377\000A\000u\000f\000b\000a\000u}{section.2}% 12
\BOOKMARK [2][-]{subsection.2.3}{\376\377\000D\000i\000e\000\040\000d\000a\000t\000e\000i\000\040\000G\000e\000o\000m\000e\000t\000r\000i\000e\000.\000h}{section.2}% 13
\BOOKMARK [2][-]{subsection.2.4}{\376\377\000D\000i\000e\000\040\000d\000a\000t\000e\000i\000\040\000m\000a\000i\000n\000.\000c\000p\000p}{section.2}% 14
\BOOKMARK [1][-]{section.3}{\376\377\000B\000e\000i\000s\000p\000i\000e\000l\000e}{}% 15
\BOOKMARK [2][-]{subsection.3.1}{\376\377\000s\000i\000e\000d\000l\000e\000r\0001\000.\000t\000x\000t}{section.3}% 16
\BOOKMARK [2][-]{subsection.3.2}{\376\377\000s\000i\000e\000d\000l\000e\000r\0002\000.\000t\000x\000t}{section.3}% 17
\BOOKMARK [2][-]{subsection.3.3}{\376\377\000s\000i\000e\000d\000l\000e\000r\0003\000.\000t\000x\000t}{section.3}% 18
\BOOKMARK [2][-]{subsection.3.4}{\376\377\000s\000i\000e\000d\000l\000e\000r\0004\000.\000t\000x\000t}{section.3}% 19
\BOOKMARK [2][-]{subsection.3.5}{\376\377\000s\000i\000e\000d\000l\000e\000r\0005\000.\000t\000x\000t}{section.3}% 20
\BOOKMARK [2][-]{subsection.3.6}{\376\377\000M\000e\000i\000n\000e\000\040\000B\000s\000p\000.}{section.3}% 21
\BOOKMARK [3][-]{subsubsection.3.6.1}{\376\377\000m\000e\000i\000n\000e\0001\000.\000t\000x\000t}{subsection.3.6}% 22
\BOOKMARK [3][-]{subsubsection.3.6.2}{\376\377\000m\000e\000i\000n\000e\0002\000.\000t\000x\000t}{subsection.3.6}% 23
\BOOKMARK [1][-]{section.4}{\376\377\000Q\000u\000e\000l\000l\000c\000o\000d\000e}{}% 24
\BOOKMARK [2][-]{subsection.4.1}{\376\377\000m\000a\000i\000n\000.\000c\000p\000p}{section.4}% 25
\BOOKMARK [2][-]{subsection.4.2}{\376\377\000G\000e\000o\000m\000e\000t\000r\000i\000e\000.\000h}{section.4}% 26
