This is pdfTeX, Version 3.141592653-2.6-1.40.25 (TeX Live 2023/Debian) (preloaded format=pdflatex 2024.3.15)  12 APR 2024 20:09
entering extended mode
 restricted \write18 enabled.
 %&-line parsing enabled.
**Siedler.tex
(./Siedler.tex
LaTeX2e <2023-11-01> patch level 1
L3 programming layer <2024-01-22>
(/usr/share/texlive/texmf-dist/tex/latex/base/article.cls
Document Class: article 2023/05/17 v1.4n Standard LaTeX document class
(/usr/share/texlive/texmf-dist/tex/latex/base/size10.clo
File: size10.clo 2023/05/17 v1.4n Standard LaTeX file (size option)
)
\c@part=\count187
\c@section=\count188
\c@subsection=\count189
\c@subsubsection=\count190
\c@paragraph=\count191
\c@subparagraph=\count192
\c@figure=\count193
\c@table=\count194
\abovecaptionskip=\skip48
\belowcaptionskip=\skip49
\bibindent=\dimen140
)
(/usr/share/texlive/texmf-dist/tex/latex/hyperref/hyperref.sty
Package: hyperref 2024-01-20 v7.01h Hypertext links for LaTeX

(/usr/share/texlive/texmf-dist/tex/generic/iftex/iftex.sty
Package: iftex 2022/02/03 v1.0f TeX engine tests
)
(/usr/share/texlive/texmf-dist/tex/latex/graphics/keyval.sty
Package: keyval 2022/05/29 v1.15 key=value parser (DPC)
\KV@toks@=\toks17
)
(/usr/share/texlive/texmf-dist/tex/latex/kvsetkeys/kvsetkeys.sty
Package: kvsetkeys 2022-10-05 v1.19 Key value parser (HO)
)
(/usr/share/texlive/texmf-dist/tex/generic/kvdefinekeys/kvdefinekeys.sty
Package: kvdefinekeys 2019-12-19 v1.6 Define keys (HO)
)
(/usr/share/texlive/texmf-dist/tex/generic/pdfescape/pdfescape.sty
Package: pdfescape 2019/12/09 v1.15 Implements pdfTeX's escape features (HO)

(/usr/share/texlive/texmf-dist/tex/generic/ltxcmds/ltxcmds.sty
Package: ltxcmds 2023-12-04 v1.26 LaTeX kernel commands for general use (HO)
)
(/usr/share/texlive/texmf-dist/tex/generic/pdftexcmds/pdftexcmds.sty
Package: pdftexcmds 2020-06-27 v0.33 Utility functions of pdfTeX for LuaTeX (HO
)

(/usr/share/texlive/texmf-dist/tex/generic/infwarerr/infwarerr.sty
Package: infwarerr 2019/12/03 v1.5 Providing info/warning/error messages (HO)
)
Package pdftexcmds Info: \pdf@primitive is available.
Package pdftexcmds Info: \pdf@ifprimitive is available.
Package pdftexcmds Info: \pdfdraftmode found.
))
(/usr/share/texlive/texmf-dist/tex/latex/hycolor/hycolor.sty
Package: hycolor 2020-01-27 v1.10 Color options for hyperref/bookmark (HO)
)
(/usr/share/texlive/texmf-dist/tex/latex/auxhook/auxhook.sty
Package: auxhook 2019-12-17 v1.6 Hooks for auxiliary files (HO)
)
(/usr/share/texlive/texmf-dist/tex/latex/hyperref/nameref.sty
Package: nameref 2023-11-26 v2.56 Cross-referencing by name of section

(/usr/share/texlive/texmf-dist/tex/latex/refcount/refcount.sty
Package: refcount 2019/12/15 v3.6 Data extraction from label references (HO)
)
(/usr/share/texlive/texmf-dist/tex/generic/gettitlestring/gettitlestring.sty
Package: gettitlestring 2019/12/15 v1.6 Cleanup title references (HO)

(/usr/share/texlive/texmf-dist/tex/latex/kvoptions/kvoptions.sty
Package: kvoptions 2022-06-15 v3.15 Key value format for package options (HO)
))
\c@section@level=\count195
)
(/usr/share/texlive/texmf-dist/tex/latex/etoolbox/etoolbox.sty
Package: etoolbox 2020/10/05 v2.5k e-TeX tools for LaTeX (JAW)
\etb@tempcnta=\count196
)
\@linkdim=\dimen141
\Hy@linkcounter=\count197
\Hy@pagecounter=\count198

(/usr/share/texlive/texmf-dist/tex/latex/hyperref/pd1enc.def
File: pd1enc.def 2024-01-20 v7.01h Hyperref: PDFDocEncoding definition (HO)
Now handling font encoding PD1 ...
... no UTF-8 mapping file for font encoding PD1
)
(/usr/share/texlive/texmf-dist/tex/generic/intcalc/intcalc.sty
Package: intcalc 2019/12/15 v1.3 Expandable calculations with integers (HO)
)
\Hy@SavedSpaceFactor=\count199

(/usr/share/texlive/texmf-dist/tex/latex/hyperref/puenc.def
File: puenc.def 2024-01-20 v7.01h Hyperref: PDF Unicode definition (HO)
Now handling font encoding PU ...
... no UTF-8 mapping file for font encoding PU
)
Package hyperref Info: Hyper figures OFF on input line 4179.
Package hyperref Info: Link nesting OFF on input line 4184.
Package hyperref Info: Hyper index ON on input line 4187.
Package hyperref Info: Plain pages OFF on input line 4194.
Package hyperref Info: Backreferencing OFF on input line 4199.
Package hyperref Info: Implicit mode ON; LaTeX internals redefined.
Package hyperref Info: Bookmarks ON on input line 4446.
\c@Hy@tempcnt=\count266

(/usr/share/texlive/texmf-dist/tex/latex/url/url.sty
\Urlmuskip=\muskip16
Package: url 2013/09/16  ver 3.4  Verb mode for urls, etc.
)
LaTeX Info: Redefining \url on input line 4784.
\XeTeXLinkMargin=\dimen142

(/usr/share/texlive/texmf-dist/tex/generic/bitset/bitset.sty
Package: bitset 2019/12/09 v1.3 Handle bit-vector datatype (HO)

(/usr/share/texlive/texmf-dist/tex/generic/bigintcalc/bigintcalc.sty
Package: bigintcalc 2019/12/15 v1.5 Expandable calculations on big integers (HO
)
))
\Fld@menulength=\count267
\Field@Width=\dimen143
\Fld@charsize=\dimen144
Package hyperref Info: Hyper figures OFF on input line 6063.
Package hyperref Info: Link nesting OFF on input line 6068.
Package hyperref Info: Hyper index ON on input line 6071.
Package hyperref Info: backreferencing OFF on input line 6078.
Package hyperref Info: Link coloring OFF on input line 6083.
Package hyperref Info: Link coloring with OCG OFF on input line 6088.
Package hyperref Info: PDF/A mode OFF on input line 6093.

(/usr/share/texlive/texmf-dist/tex/latex/base/atbegshi-ltx.sty
Package: atbegshi-ltx 2021/01/10 v1.0c Emulation of the original atbegshi
package with kernel methods
)
\Hy@abspage=\count268
\c@Item=\count269
\c@Hfootnote=\count270
)
Package hyperref Info: Driver (autodetected): hpdftex.

(/usr/share/texlive/texmf-dist/tex/latex/hyperref/hpdftex.def
File: hpdftex.def 2024-01-20 v7.01h Hyperref driver for pdfTeX

(/usr/share/texlive/texmf-dist/tex/latex/base/atveryend-ltx.sty
Package: atveryend-ltx 2020/08/19 v1.0a Emulation of the original atveryend pac
kage
with kernel methods
)
\Fld@listcount=\count271
\c@bookmark@seq@number=\count272

(/usr/share/texlive/texmf-dist/tex/latex/rerunfilecheck/rerunfilecheck.sty
Package: rerunfilecheck 2022-07-10 v1.10 Rerun checks for auxiliary files (HO)

(/usr/share/texlive/texmf-dist/tex/generic/uniquecounter/uniquecounter.sty
Package: uniquecounter 2019/12/15 v1.4 Provide unlimited unique counter (HO)
)
Package uniquecounter Info: New unique counter `rerunfilecheck' on input line 2
85.
)
\Hy@SectionHShift=\skip50
)
(/usr/share/texlive/texmf-dist/tex/latex/tocloft/tocloft.sty
Package: tocloft 2017/08/31 v2.3i parameterised ToC, etc., typesetting
Package tocloft Info: The document has section divisions on input line 51.
\cftparskip=\skip51
\cftbeforetoctitleskip=\skip52
\cftaftertoctitleskip=\skip53
\cftbeforepartskip=\skip54
\cftpartnumwidth=\skip55
\cftpartindent=\skip56
\cftbeforesecskip=\skip57
\cftsecindent=\skip58
\cftsecnumwidth=\skip59
\cftbeforesubsecskip=\skip60
\cftsubsecindent=\skip61
\cftsubsecnumwidth=\skip62
\cftbeforesubsubsecskip=\skip63
\cftsubsubsecindent=\skip64
\cftsubsubsecnumwidth=\skip65
\cftbeforeparaskip=\skip66
\cftparaindent=\skip67
\cftparanumwidth=\skip68
\cftbeforesubparaskip=\skip69
\cftsubparaindent=\skip70
\cftsubparanumwidth=\skip71
\cftbeforeloftitleskip=\skip72
\cftafterloftitleskip=\skip73
\cftbeforefigskip=\skip74
\cftfigindent=\skip75
\cftfignumwidth=\skip76
\c@lofdepth=\count273
\c@lotdepth=\count274
\cftbeforelottitleskip=\skip77
\cftafterlottitleskip=\skip78
\cftbeforetabskip=\skip79
\cfttabindent=\skip80
\cfttabnumwidth=\skip81
)
(/usr/share/texlive/texmf-dist/tex/latex/geometry/geometry.sty
Package: geometry 2020/01/02 v5.9 Page Geometry

(/usr/share/texlive/texmf-dist/tex/generic/iftex/ifvtex.sty
Package: ifvtex 2019/10/25 v1.7 ifvtex legacy package. Use iftex instead.
)
\Gm@cnth=\count275
\Gm@cntv=\count276
\c@Gm@tempcnt=\count277
\Gm@bindingoffset=\dimen145
\Gm@wd@mp=\dimen146
\Gm@odd@mp=\dimen147
\Gm@even@mp=\dimen148
\Gm@layoutwidth=\dimen149
\Gm@layoutheight=\dimen150
\Gm@layouthoffset=\dimen151
\Gm@layoutvoffset=\dimen152
\Gm@dimlist=\toks18
)
(/usr/share/texlive/texmf-dist/tex/latex/fancyhdr/fancyhdr.sty
Package: fancyhdr 2022/11/09 v4.1 Extensive control of page headers and footers

\f@nch@headwidth=\skip82
\f@nch@O@elh=\skip83
\f@nch@O@erh=\skip84
\f@nch@O@olh=\skip85
\f@nch@O@orh=\skip86
\f@nch@O@elf=\skip87
\f@nch@O@erf=\skip88
\f@nch@O@olf=\skip89
\f@nch@O@orf=\skip90
)
(/usr/share/texlive/texmf-dist/tex/latex/listings/listings.sty
\lst@mode=\count278
\lst@gtempboxa=\box51
\lst@token=\toks19
\lst@length=\count279
\lst@currlwidth=\dimen153
\lst@column=\count280
\lst@pos=\count281
\lst@lostspace=\dimen154
\lst@width=\dimen155
\lst@newlines=\count282
\lst@lineno=\count283
\lst@maxwidth=\dimen156

(/usr/share/texlive/texmf-dist/tex/latex/listings/lstmisc.sty
File: lstmisc.sty 2023/02/27 1.9 (Carsten Heinz)
\c@lstnumber=\count284
\lst@skipnumbers=\count285
\lst@framebox=\box52
)
(/usr/share/texlive/texmf-dist/tex/latex/listings/listings.cfg
File: listings.cfg 2023/02/27 1.9 listings configuration
))
Package: listings 2023/02/27 1.9 (Carsten Heinz)

(/usr/share/texlive/texmf-dist/tex/latex/xcolor/xcolor.sty
Package: xcolor 2023/11/15 v3.01 LaTeX color extensions (UK)

(/usr/share/texlive/texmf-dist/tex/latex/graphics-cfg/color.cfg
File: color.cfg 2016/01/02 v1.6 sample color configuration
)
Package xcolor Info: Driver file: pdftex.def on input line 274.

(/usr/share/texlive/texmf-dist/tex/latex/graphics-def/pdftex.def
File: pdftex.def 2022/09/22 v1.2b Graphics/color driver for pdftex
)
(/usr/share/texlive/texmf-dist/tex/latex/graphics/mathcolor.ltx)
Package xcolor Info: Model `cmy' substituted by `cmy0' on input line 1350.
Package xcolor Info: Model `hsb' substituted by `rgb' on input line 1354.
Package xcolor Info: Model `RGB' extended on input line 1366.
Package xcolor Info: Model `HTML' substituted by `rgb' on input line 1368.
Package xcolor Info: Model `Hsb' substituted by `hsb' on input line 1369.
Package xcolor Info: Model `tHsb' substituted by `hsb' on input line 1370.
Package xcolor Info: Model `HSB' substituted by `hsb' on input line 1371.
Package xcolor Info: Model `Gray' substituted by `gray' on input line 1372.
Package xcolor Info: Model `wave' substituted by `hsb' on input line 1373.
)
(/usr/share/texlive/texmf-dist/tex/latex/amsmath/amsmath.sty
Package: amsmath 2023/05/13 v2.17o AMS math features
\@mathmargin=\skip91

For additional information on amsmath, use the `?' option.
(/usr/share/texlive/texmf-dist/tex/latex/amsmath/amstext.sty
Package: amstext 2021/08/26 v2.01 AMS text

(/usr/share/texlive/texmf-dist/tex/latex/amsmath/amsgen.sty
File: amsgen.sty 1999/11/30 v2.0 generic functions
\@emptytoks=\toks20
\ex@=\dimen157
))
(/usr/share/texlive/texmf-dist/tex/latex/amsmath/amsbsy.sty
Package: amsbsy 1999/11/29 v1.2d Bold Symbols
\pmbraise@=\dimen158
)
(/usr/share/texlive/texmf-dist/tex/latex/amsmath/amsopn.sty
Package: amsopn 2022/04/08 v2.04 operator names
)
\inf@bad=\count286
LaTeX Info: Redefining \frac on input line 234.
\uproot@=\count287
\leftroot@=\count288
LaTeX Info: Redefining \overline on input line 399.
LaTeX Info: Redefining \colon on input line 410.
\classnum@=\count289
\DOTSCASE@=\count290
LaTeX Info: Redefining \ldots on input line 496.
LaTeX Info: Redefining \dots on input line 499.
LaTeX Info: Redefining \cdots on input line 620.
\Mathstrutbox@=\box53
\strutbox@=\box54
LaTeX Info: Redefining \big on input line 722.
LaTeX Info: Redefining \Big on input line 723.
LaTeX Info: Redefining \bigg on input line 724.
LaTeX Info: Redefining \Bigg on input line 725.
\big@size=\dimen159
LaTeX Font Info:    Redeclaring font encoding OML on input line 743.
LaTeX Font Info:    Redeclaring font encoding OMS on input line 744.
\macc@depth=\count291
LaTeX Info: Redefining \bmod on input line 905.
LaTeX Info: Redefining \pmod on input line 910.
LaTeX Info: Redefining \smash on input line 940.
LaTeX Info: Redefining \relbar on input line 970.
LaTeX Info: Redefining \Relbar on input line 971.
\c@MaxMatrixCols=\count292
\dotsspace@=\muskip17
\c@parentequation=\count293
\dspbrk@lvl=\count294
\tag@help=\toks21
\row@=\count295
\column@=\count296
\maxfields@=\count297
\andhelp@=\toks22
\eqnshift@=\dimen160
\alignsep@=\dimen161
\tagshift@=\dimen162
\tagwidth@=\dimen163
\totwidth@=\dimen164
\lineht@=\dimen165
\@envbody=\toks23
\multlinegap=\skip92
\multlinetaggap=\skip93
\mathdisplay@stack=\toks24
LaTeX Info: Redefining \[ on input line 2953.
LaTeX Info: Redefining \] on input line 2954.
)
(/usr/share/texlive/texmf-dist/tex/latex/graphics/graphicx.sty
Package: graphicx 2021/09/16 v1.2d Enhanced LaTeX Graphics (DPC,SPQR)

(/usr/share/texlive/texmf-dist/tex/latex/graphics/graphics.sty
Package: graphics 2022/03/10 v1.4e Standard LaTeX Graphics (DPC,SPQR)

(/usr/share/texlive/texmf-dist/tex/latex/graphics/trig.sty
Package: trig 2021/08/11 v1.11 sin cos tan (DPC)
)
(/usr/share/texlive/texmf-dist/tex/latex/graphics-cfg/graphics.cfg
File: graphics.cfg 2016/06/04 v1.11 sample graphics configuration
)
Package graphics Info: Driver file: pdftex.def on input line 107.
)
\Gin@req@height=\dimen166
\Gin@req@width=\dimen167
)
(/usr/share/texlive/texmf-dist/tex/latex/tools/longtable.sty
Package: longtable 2023-11-01 v4.19 Multi-page Table package (DPC)
\LTleft=\skip94
\LTright=\skip95
\LTpre=\skip96
\LTpost=\skip97
\LTchunksize=\count298
\LTcapwidth=\dimen168
\LT@head=\box55
\LT@firsthead=\box56
\LT@foot=\box57
\LT@lastfoot=\box58
\LT@gbox=\box59
\LT@cols=\count299
\LT@rows=\count300
\c@LT@tables=\count301
\c@LT@chunks=\count302
\LT@p@ftn=\toks25
)
(/usr/share/texlive/texmf-dist/tex/latex/tabu/tabu.sty
Package: tabu 2019/01/11 v2.9 - flexible LaTeX tabulars (FC+tabu-fixed) + inter
mediate FMi

(/usr/share/texlive/texmf-dist/tex/latex/tools/array.sty
Package: array 2023/10/16 v2.5g Tabular extension package (FMi)
\col@sep=\dimen169
\ar@mcellbox=\box60
\extrarowheight=\dimen170
\NC@list=\toks26
\extratabsurround=\skip98
\backup@length=\skip99
\ar@cellbox=\box61
)
(/usr/share/texlive/texmf-dist/tex/latex/varwidth/varwidth.sty
Package: varwidth 2009/03/30 ver 0.92;  Variable-width minipages
\@vwid@box=\box62
\sift@deathcycles=\count303
\@vwid@loff=\dimen171
\@vwid@roff=\dimen172
)
\c@taburow=\count304
\tabu@nbcols=\count305
\tabu@cnt=\count306
\tabu@Xcol=\count307
\tabu@alloc=\count308
\tabu@nested=\count309
\tabu@target=\dimen173
\tabu@spreadtarget=\dimen174
\tabu@naturalX=\dimen175
\tabucolX=\dimen176
\tabu@Xsum=\dimen177
\extrarowdepth=\dimen178
\abovetabulinesep=\dimen179
\belowtabulinesep=\dimen180
\tabustrutrule=\dimen181
\tabu@thebody=\toks27
\tabu@footnotes=\toks28
\tabu@box=\box63
\tabu@arstrutbox=\box64
\tabu@hleads=\box65
\tabu@vleads=\box66
\tabu@cellskip=\skip100
)
(/usr/share/texlive/texmf-dist/tex/latex/float/float.sty
Package: float 2001/11/08 v1.3d Float enhancements (AL)
\c@float@type=\count310
\float@exts=\toks29
\float@box=\box67
\@float@everytoks=\toks30
\@floatcapt=\box68
)
(/usr/share/texlive/texmf-dist/tex/latex/l3backend/l3backend-pdftex.def
File: l3backend-pdftex.def 2024-01-04 L3 backend support: PDF output (pdfTeX)
\l__color_backend_stack_int=\count311
\l__pdf_internal_box=\box69
)
(./Siedler.aux)
\openout1 = `Siedler.aux'.

LaTeX Font Info:    Checking defaults for OML/cmm/m/it on input line 26.
LaTeX Font Info:    ... okay on input line 26.
LaTeX Font Info:    Checking defaults for OMS/cmsy/m/n on input line 26.
LaTeX Font Info:    ... okay on input line 26.
LaTeX Font Info:    Checking defaults for OT1/cmr/m/n on input line 26.
LaTeX Font Info:    ... okay on input line 26.
LaTeX Font Info:    Checking defaults for T1/cmr/m/n on input line 26.
LaTeX Font Info:    ... okay on input line 26.
LaTeX Font Info:    Checking defaults for TS1/cmr/m/n on input line 26.
LaTeX Font Info:    ... okay on input line 26.
LaTeX Font Info:    Checking defaults for OMX/cmex/m/n on input line 26.
LaTeX Font Info:    ... okay on input line 26.
LaTeX Font Info:    Checking defaults for U/cmr/m/n on input line 26.
LaTeX Font Info:    ... okay on input line 26.
LaTeX Font Info:    Checking defaults for PD1/pdf/m/n on input line 26.
LaTeX Font Info:    ... okay on input line 26.
LaTeX Font Info:    Checking defaults for PU/pdf/m/n on input line 26.
LaTeX Font Info:    ... okay on input line 26.
Package hyperref Info: Link coloring OFF on input line 26.
 (./Siedler.out) (./Siedler.out)
\@outlinefile=\write3
\openout3 = `Siedler.out'.


*geometry* driver: auto-detecting
*geometry* detected driver: pdftex
*geometry* verbose mode - [ preamble ] result:
* driver: pdftex
* paper: <default>
* layout: <same size as paper>
* layoutoffset:(h,v)=(0.0pt,0.0pt)
* modes: 
* h-part:(L,W,R)=(71.13188pt, 472.03123pt, 71.13188pt)
* v-part:(T,H,B)=(71.13188pt, 652.70622pt, 71.13188pt)
* \paperwidth=614.295pt
* \paperheight=794.96999pt
* \textwidth=472.03123pt
* \textheight=652.70622pt
* \oddsidemargin=-1.1381pt
* \evensidemargin=-1.1381pt
* \topmargin=-38.1381pt
* \headheight=12.0pt
* \headsep=25.0pt
* \topskip=10.0pt
* \footskip=30.0pt
* \marginparwidth=65.0pt
* \marginparsep=11.0pt
* \columnsep=10.0pt
* \skip\footins=9.0pt plus 4.0pt minus 2.0pt
* \hoffset=0.0pt
* \voffset=0.0pt
* \mag=1000
* \@twocolumnfalse
* \@twosidefalse
* \@mparswitchfalse
* \@reversemarginfalse
* (1in=72.27pt=25.4mm, 1cm=28.453pt)

\c@lstlisting=\count312
(/usr/share/texlive/texmf-dist/tex/context/base/mkii/supp-pdf.mkii
[Loading MPS to PDF converter (version 2006.09.02).]
\scratchcounter=\count313
\scratchdimen=\dimen182
\scratchbox=\box70
\nofMPsegments=\count314
\nofMParguments=\count315
\everyMPshowfont=\toks31
\MPscratchCnt=\count316
\MPscratchDim=\dimen183
\MPnumerator=\count317
\makeMPintoPDFobject=\count318
\everyMPtoPDFconversion=\toks32
) (/usr/share/texlive/texmf-dist/tex/latex/epstopdf-pkg/epstopdf-base.sty
Package: epstopdf-base 2020-01-24 v2.11 Base part for package epstopdf
Package epstopdf-base Info: Redefining graphics rule for `.eps' on input line 4
85.

(/usr/share/texlive/texmf-dist/tex/latex/latexconfig/epstopdf-sys.cfg
File: epstopdf-sys.cfg 2010/07/13 v1.3 Configuration of (r)epstopdf for TeX Liv
e
))
[1

{/var/lib/texmf/fonts/map/pdftex/updmap/pdftex.map}] (./Siedler.toc)
\tf@toc=\write4
\openout4 = `Siedler.toc'.


pdfTeX warning (ext4): destination with the same identifier (name{page.1}) has 
been already used, duplicate ignored
<to be read again> 
                   \relax 
l.41 \newpage
              [1] [2]
<Bilder/raycasting_polygon_3.png, id=153, 484.81125pt x 399.4925pt>
File: Bilder/raycasting_polygon_3.png Graphic file (type png)
<use Bilder/raycasting_polygon_3.png>
Package pdftex.def Info: Bilder/raycasting_polygon_3.png  used on input line 97
.
(pdftex.def)             Requested size: 330.42041pt x 272.28526pt.

Underfull \hbox (badness 10000) in paragraph at lines 98--98
[]\OT1/cmr/m/n/10 Figure 1: []Darstellung Ray-castal-go-rith-mus in-ner-halb ei
nes Poly-gons, Quelle:
 []

[3
pdfTeX warning (ext4): destination with the same identifier (name{figure.1}) ha
s been already used, duplicate ignored
<argument> ...shipout:D \box_use:N \l_shipout_box 
                                                  \__shipout_drop_firstpage_...
l.105 \hrule
             <./Bilder/raycasting_polygon_3.png>] [4]
Overfull \hbox (59.01903pt too wide) in paragraph at lines 158--158
[] \OT1/cmtt/m/n/12 jezt nur noch schauen ob der punkt im polygon liegt wen ja 
lass ihn in der liste wenn[] 
 []

[5] [6]
LaTeX Font Info:    Font shape `OT1/cmtt/bx/n' in size <12> not available
(Font)              Font shape `OT1/cmtt/m/n' tried instead on input line 217.

Overfull \hbox (5.39041pt too wide) in paragraph at lines 230--230
[]|\OT1/cmtt/m/n/12 isInsidePolygon()|  
 []

[7]
<Bilder/Figure_1.png, id=193, 1977.3072pt x 1156.32pt>
File: Bilder/Figure_1.png Graphic file (type png)
<use Bilder/Figure_1.png>
Package pdftex.def Info: Bilder/Figure_1.png  used on input line 294.
(pdftex.def)             Requested size: 472.03123pt x 276.04037pt.
 [8] [9
pdfTeX warning (ext4): destination with the same identifier (name{figure.2}) ha
s been already used, duplicate ignored
<argument> ...shipout:D \box_use:N \l_shipout_box 
                                                  \__shipout_drop_firstpage_...
l.430 \end{verbatim}
                     <./Bilder/Figure_1.png>] [10] [11]
Overfull \hbox (17.028pt too wide) in paragraph at lines 430--430
[]\OT1/cmtt/m/n/14.4 Restliche doerfer ausserhalb des Radiuses des gesundheitsz
entrums:[] 
 []

[12]
<Bilder/Figure_2.png, id=217, 1977.3072pt x 1156.32pt>
File: Bilder/Figure_2.png Graphic file (type png)
<use Bilder/Figure_2.png>
Package pdftex.def Info: Bilder/Figure_2.png  used on input line 435.
(pdftex.def)             Requested size: 472.03123pt x 276.04037pt.
 [13
pdfTeX warning (ext4): destination with the same identifier (name{figure.3}) ha
s been already used, duplicate ignored
<argument> ...shipout:D \box_use:N \l_shipout_box 
                                                  \__shipout_drop_firstpage_...
l.496 \end{verbatim}
                     <./Bilder/Figure_2.png>] [14]
Overfull \hbox (17.028pt too wide) in paragraph at lines 496--496
[]\OT1/cmtt/m/n/14.4 Restliche doerfer ausserhalb des Radiuses des gesundheitsz
entrums:[] 
 []

<Bilder/Figure_3.png, id=228, 462.528pt x 346.896pt>
File: Bilder/Figure_3.png Graphic file (type png)
<use Bilder/Figure_3.png>
Package pdftex.def Info: Bilder/Figure_3.png  used on input line 500.
(pdftex.def)             Requested size: 472.03123pt x 354.04095pt.
[15] [16
pdfTeX warning (ext4): destination with the same identifier (name{figure.4}) ha
s been already used, duplicate ignored
<argument> ...shipout:D \box_use:N \l_shipout_box 
                                                  \__shipout_drop_firstpage_...
l.710 \end{verbatim}
                     <./Bilder/Figure_3.png>] [17] [18] [19] [20] [21]
Overfull \hbox (17.028pt too wide) in paragraph at lines 710--710
[]\OT1/cmtt/m/n/14.4 Restliche doerfer ausserhalb des Radiuses des gesundheitsz
entrums:[] 
 []

<Bilder/Figure_4.png, id=260, 1977.3072pt x 1156.32pt>
File: Bilder/Figure_4.png Graphic file (type png)
<use Bilder/Figure_4.png>
Package pdftex.def Info: Bilder/Figure_4.png  used on input line 717.
(pdftex.def)             Requested size: 472.03123pt x 276.04037pt.
[22
pdfTeX warning (ext4): destination with the same identifier (name{figure.5}) ha
s been already used, duplicate ignored
<argument> ...shipout:D \box_use:N \l_shipout_box 
                                                  \__shipout_drop_firstpage_...
l.856 \end{verbatim}
                     <./Bilder/Figure_4.png>] [23] [24] [25]
Overfull \hbox (17.028pt too wide) in paragraph at lines 856--856
[]\OT1/cmtt/m/n/14.4 Restliche doerfer ausserhalb des Radiuses des gesundheitsz
entrums:[] 
 []

<Bilder/Figure_5.png, id=280, 462.528pt x 346.896pt>
File: Bilder/Figure_5.png Graphic file (type png)
<use Bilder/Figure_5.png>
Package pdftex.def Info: Bilder/Figure_5.png  used on input line 860.
(pdftex.def)             Requested size: 472.03123pt x 354.04095pt.
[26] [27
pdfTeX warning (ext4): destination with the same identifier (name{figure.6}) ha
s been already used, duplicate ignored
<argument> ...shipout:D \box_use:N \l_shipout_box 
                                                  \__shipout_drop_firstpage_...
l.1017 \end{verbatim}
                      <./Bilder/Figure_5.png>] [28] [29] [30]
Overfull \hbox (17.028pt too wide) in paragraph at lines 1017--1017
[]\OT1/cmtt/m/n/14.4 Restliche doerfer ausserhalb des Radiuses des gesundheitsz
entrums:[] 
 []

LaTeX Font Info:    Font shape `OT1/cmtt/bx/n' in size <10> not available
(Font)              Font shape `OT1/cmtt/m/n' tried instead on input line 1019.

<Bilder/Figure_6.png, id=305, 1387.584pt x 695.9601pt>
File: Bilder/Figure_6.png Graphic file (type png)
<use Bilder/Figure_6.png>
Package pdftex.def Info: Bilder/Figure_6.png  used on input line 1022.
(pdftex.def)             Requested size: 472.03123pt x 236.75073pt.
[31] [32
pdfTeX warning (ext4): destination with the same identifier (name{figure.7}) ha
s been already used, duplicate ignored
<argument> ...shipout:D \box_use:N \l_shipout_box 
                                                  \__shipout_drop_firstpage_...
l.1421 \end{verbatim}
                      <./Bilder/Figure_6.png>] [33] [34] [35] [36] [37]
Overfull \hbox (17.028pt too wide) in paragraph at lines 1421--1421
[]\OT1/cmtt/m/n/14.4 Restliche doerfer ausserhalb des Radiuses des gesundheitsz
entrums:[] 
 []

[38] [39] [40] [41] [42]
<Bilder/Figure_7.png, id=358, 1387.584pt x 716.9184pt>
File: Bilder/Figure_7.png Graphic file (type png)
<use Bilder/Figure_7.png>
Package pdftex.def Info: Bilder/Figure_7.png  used on input line 1425.
(pdftex.def)             Requested size: 472.03123pt x 243.8803pt.
 [43
pdfTeX warning (ext4): destination with the same identifier (name{figure.8}) ha
s been already used, duplicate ignored
<argument> ...shipout:D \box_use:N \l_shipout_box 
                                                  \__shipout_drop_firstpage_...
l.2114 \end{verbatim}
                      <./Bilder/Figure_7.png>] [44] [45] [46] [47] [48]
[49]
Overfull \hbox (17.028pt too wide) in paragraph at lines 2114--2114
[]\OT1/cmtt/m/n/14.4 Restliche doerfer ausserhalb des Radiuses des gesundheitsz
entrums:[] 
 []

[50] [51] [52] [53] [54] [55] [56] [57] [58] [59] [60] [61] [62]
Overfull \hbox (142.9978pt too wide) in paragraph at lines 2299--2299
[]\OT1/cmtt/m/n/14.4 std::vector<Geometrie::Point> umfang_punkte_eins(const Geo
metrie::Polygon& polygon,[] 
 []


Overfull \hbox (91.12788pt too wide) in paragraph at lines 2299--2299
[]\OT1/cmtt/m/n/14.4 std::vector<Geometrie::Point> last_points(const Geometrie:
:Polygon& polygon,[] 
 []

[63]
Overfull \hbox (194.86772pt too wide) in paragraph at lines 2299--2299
[] \OT1/cmtt/m/n/14.4 std::vector<Geometrie::Point> points = umfang_punkte_eins
(polygon, center_point, radius);[] 
 []


Overfull \hbox (187.45773pt too wide) in paragraph at lines 2299--2299
[] \OT1/cmtt/m/n/14.4 // endet wenn der kreis so gros ist das kein punkt mehr i
m polygon platziert werden kann[] 
 []


Overfull \hbox (31.84798pt too wide) in paragraph at lines 2299--2299
[]  \OT1/cmtt/m/n/14.4 end_points.insert(end_points.end(), points.begin(), poin
ts.end());[] 
 []


Overfull \hbox (239.32765pt too wide) in paragraph at lines 2299--2299
[]\OT1/cmtt/m/n/14.4 // Funktion zum berechen der Punkte auf dem Umkreis eines 
Kreises in 10 radius abstaenden bis 85[] 
 []


Overfull \hbox (202.27771pt too wide) in paragraph at lines 2299--2299
[]\OT1/cmtt/m/n/14.4 std::vector<Geometrie::Point> circle_Points(int distance, 
Geometrie::Point centroid_circle,[] 
 []


Overfull \hbox (9.61801pt too wide) in paragraph at lines 2299--2299
[]   \OT1/cmtt/m/n/14.4 double x = centroid_circle.getX() + radius * std::cos(w
inkel);[] 
 []


Overfull \hbox (9.61801pt too wide) in paragraph at lines 2299--2299
[]   \OT1/cmtt/m/n/14.4 double y = centroid_circle.getY() + radius * std::sin(w
inkel);[] 
 []


Overfull \hbox (150.40779pt too wide) in paragraph at lines 2299--2299
[]\OT1/cmtt/m/n/14.4 Geometrie::Point gesundheitszentrum (int distance, Geometr
ie::Point centroid_circle,[] 
 []

[64]
Overfull \hbox (194.86772pt too wide) in paragraph at lines 2299--2299
[] \OT1/cmtt/m/n/14.4 std::vector<Geometrie::Point> points = circle_Points(dist
ance, centroid_circle, polygon);[] 
 []


Overfull \hbox (165.22777pt too wide) in paragraph at lines 2299--2299
[] \OT1/cmtt/m/n/14.4 // wir gehen gehen unsere 1 liste von punkten(doerfern) d
urch und schauen jeden punkt[] 
 []


Overfull \hbox (142.9978pt too wide) in paragraph at lines 2299--2299
[]   \OT1/cmtt/m/n/14.4 std::vector<Geometrie::Point> test_points = circle_Poin
ts(distance, p, polygon);[] 
 []


Overfull \hbox (150.40779pt too wide) in paragraph at lines 2299--2299
[]    \OT1/cmtt/m/n/14.4 // wen der wert vom vorherigem durchlauf gleich dem 2 
durchlauf ist returnen wir[] 
 []

[65]
Overfull \hbox (105.94786pt too wide) in paragraph at lines 2299--2299
[] \OT1/cmtt/m/n/14.4 Geometrie::Point gesundheitszent = gesundheitszentrum(10,
 centroid, polygon);[] 
 []


Overfull \hbox (91.12788pt too wide) in paragraph at lines 2299--2299
[] \OT1/cmtt/m/n/14.4 // vector mit den punkten innerhalb des radiuses von dem 
Gesundheitszentrum[] 
 []


Overfull \hbox (291.19757pt too wide) in paragraph at lines 2299--2299
[] \OT1/cmtt/m/n/14.4 std::vector<Geometrie::Point> gesundheitszentrum_Points =
 circle_Points(10, gesundheitszent, polygon);[] 
 []


Overfull \hbox (39.25797pt too wide) in paragraph at lines 2299--2299
[] \OT1/cmtt/m/n/14.4 // Restlichen punkte ausserhalb des radiuses des gesundhe
itszentrums[] 
 []


Overfull \hbox (135.58781pt too wide) in paragraph at lines 2299--2299
[] \OT1/cmtt/m/n/14.4 std::vector<Geometrie::Point> end_points = last_points(po
lygon, gesundheitszent);[] 
 []


Overfull \hbox (424.57736pt too wide) in paragraph at lines 2299--2299
[] \OT1/cmtt/m/n/14.4 std::cout << "Gesundheitszentrum: " << "(" << gesundheits
zent.getX() <<"|" << gesundheitszent.getY() << ")"<< std::endl;[] 
 []


Overfull \hbox (187.45773pt too wide) in paragraph at lines 2299--2299
[] \OT1/cmtt/m/n/14.4 std::cout << "Doerfer innerhalb des Radiuses von dem Gesu
ndheitszentrum: " << std::endl;[] 
 []


Overfull \hbox (239.32765pt too wide) in paragraph at lines 2299--2299
[]  \OT1/cmtt/m/n/14.4 std::cout << "Das " << counter << "Dorf liegt bei den ko
ordinaten: " << "(" << p.getX() << "|"[] 
 []


Overfull \hbox (246.73764pt too wide) in paragraph at lines 2299--2299
[] \OT1/cmtt/m/n/14.4 std::cout << "Restliche doerfer ausserhalb des Radiuses d
es gesundheitszentrums: " << std::endl;[] 
 []


Overfull \hbox (239.32765pt too wide) in paragraph at lines 2299--2299
[]  \OT1/cmtt/m/n/14.4 std::cout << "Das " << counter << "Dorf liegt bei den ko
ordinaten: " << "(" << p.getX() << "|"[] 
 []


Overfull \hbox (135.58781pt too wide) in paragraph at lines 2299--2299
[] \OT1/cmtt/m/n/14.4 auto duration = std::chrono::duration_cast<std::chrono::m
illiseconds>(end-start);[] 
 []


Overfull \hbox (335.6575pt too wide) in paragraph at lines 2299--2299
[] \OT1/cmtt/m/n/14.4 //std::cout << "die Laufzeit des Programmes liegt bei: " 
<< duration.count() << "milliseconds" << std::endl;[] 
 []

[66]
Overfull \hbox (17.028pt too wide) in paragraph at lines 2299--2299
[] \OT1/cmtt/m/n/14.4 //std::cout << "groesse ohne algo: " << test.size() << st
d::endl;[] 
 []

[67] [68]
Overfull \hbox (105.94786pt too wide) in paragraph at lines 2407--2407
[]   \OT1/cmtt/m/n/14.4 // Funktion zum Bestimmen des Schwerpunktes oder auch C
entroid des Polygons[] 
 []


Overfull \hbox (24.43799pt too wide) in paragraph at lines 2407--2407
[]               \OT1/cmtt/m/n/14.4 double xi1 = points[(i + 1) % points.size()
].getX();[] 
 []


Overfull \hbox (24.43799pt too wide) in paragraph at lines 2407--2407
[]               \OT1/cmtt/m/n/14.4 double yi1 = points[(i + 1) % points.size()
].getY();[] 
 []

[69]
Overfull \hbox (105.94786pt too wide) in paragraph at lines 2407--2407
[]  \OT1/cmtt/m/n/14.4 // Funktion zum schauen ob der punkt innerhalb des polyg
ons liegt oder nicht[] 
 []


Overfull \hbox (46.66795pt too wide) in paragraph at lines 2407--2407
[]     \OT1/cmtt/m/n/14.4 if((yi > p.getY()) != (yi1 > p.getY()) && p.getX() < 
(xi1 - xi) *[] 
 []


Overfull \hbox (76.3079pt too wide) in paragraph at lines 2407--2407
[]   \OT1/cmtt/m/n/14.4 std::cerr << "Fehler beim []Offnen der Datei: " << file
name << std::endl;[] 
 []

[70] [71] (./Siedler.aux)
 ***********
LaTeX2e <2023-11-01> patch level 1
L3 programming layer <2024-01-22>
 ***********
Package rerunfilecheck Info: File `Siedler.out' has not changed.
(rerunfilecheck)             Checksum: 252B2CA227E2A2D045AADDDD8E9FCFBB;3340.
 ) 
Here is how much of TeX's memory you used:
 12940 strings out of 474222
 195529 string characters out of 5748733
 1937975 words of memory out of 5000000
 34945 multiletter control sequences out of 15000+600000
 565869 words of font info for 65 fonts, out of 8000000 for 9000
 1141 hyphenation exceptions out of 8191
 75i,12n,79p,892b,603s stack positions out of 10000i,1000n,20000p,200000b,200000s
</usr/share/texlive/texmf-dist/fonts/type1/public/amsfonts/cm/cmbx10.pfb></us
r/share/texlive/texmf-dist/fonts/type1/public/amsfonts/cm/cmbx12.pfb></usr/shar
e/texlive/texmf-dist/fonts/type1/public/amsfonts/cm/cmex10.pfb></usr/share/texl
ive/texmf-dist/fonts/type1/public/amsfonts/cm/cmmi12.pfb></usr/share/texlive/te
xmf-dist/fonts/type1/public/amsfonts/cm/cmmi6.pfb></usr/share/texlive/texmf-dis
t/fonts/type1/public/amsfonts/cm/cmmi8.pfb></usr/share/texlive/texmf-dist/fonts
/type1/public/amsfonts/cm/cmr10.pfb></usr/share/texlive/texmf-dist/fonts/type1/
public/amsfonts/cm/cmr12.pfb></usr/share/texlive/texmf-dist/fonts/type1/public/
amsfonts/cm/cmr17.pfb></usr/share/texlive/texmf-dist/fonts/type1/public/amsfont
s/cm/cmr8.pfb></usr/share/texlive/texmf-dist/fonts/type1/public/amsfonts/cm/cms
y10.pfb></usr/share/texlive/texmf-dist/fonts/type1/public/amsfonts/cm/cmsy8.pfb
></usr/share/texlive/texmf-dist/fonts/type1/public/amsfonts/cm/cmtt10.pfb></usr
/share/texlive/texmf-dist/fonts/type1/public/amsfonts/cm/cmtt12.pfb></usr/share
/texlive/texmf-dist/fonts/type1/public/amsfonts/cm/cmtt9.pfb>
Output written on Siedler.pdf (72 pages, 820282 bytes).
PDF statistics:
 572 PDF objects out of 1000 (max. 8388607)
 447 compressed objects within 5 object streams
 108 named destinations out of 1000 (max. 500000)
 249 words of extra memory for PDF output out of 10000 (max. 10000000)

